[ INFO ] [2018-03-19 15:43:29] com.Application [50] - Starting Application on DESKTOP-MQK3FBQ with PID 18640 (D:\workspaceMars\BaseFrame\target\classes started by zt in D:\workspaceMars\BaseFrame)
[ INFO ] [2018-03-19 15:43:29] com.Application [652] - No active profile set, falling back to default profiles: default
[ INFO ] [2018-03-19 15:43:29] org.springframework.boot.web.servlet.context.AnnotationConfigServletWebServerApplicationContext [589] - Refreshing org.springframework.boot.web.servlet.context.AnnotationConfigServletWebServerApplicationContext@1b4f68f3: startup date [Mon Mar 19 15:43:29 CST 2018]; root of context hierarchy
[ INFO ] [2018-03-19 15:43:33] org.springframework.boot.web.embedded.tomcat.TomcatWebServer [91] - Tomcat initialized with port(s): 9527 (http)
[ INFO ] [2018-03-19 15:43:33] org.apache.coyote.http11.Http11NioProtocol [180] - Initializing ProtocolHandler ["http-nio-192.168.112.112-9527"]
[ INFO ] [2018-03-19 15:43:33] org.apache.catalina.core.StandardService [180] - Starting service [Tomcat]
[ INFO ] [2018-03-19 15:43:33] org.apache.catalina.core.StandardEngine [180] - Starting Servlet Engine: Apache Tomcat/8.5.28
[ INFO ] [2018-03-19 15:43:33] org.apache.catalina.core.AprLifecycleListener [180] - The APR based Apache Tomcat Native library which allows optimal performance in production environments was not found on the java.library.path: [D:\Program Files\Java\jre1.8.0_111\bin;C:\windows\Sun\Java\bin;C:\windows\system32;C:\windows;D:/Program Files/Java/jre1.8.0_111/bin/server;D:/Program Files/Java/jre1.8.0_111/bin;D:/Program Files/Java/jre1.8.0_111/lib/amd64;C:\ProgramData\Oracle\Java\javapath;C:\Program Files (x86)\Intel\iCLS Client\;C:\Program Files\Intel\iCLS Client\;C:\windows\system32;C:\windows;C:\windows\System32\Wbem;C:\windows\System32\WindowsPowerShell\v1.0\;C:\Program Files (x86)\Intel\Intel(R) Management Engine Components\DAL;C:\Program Files\Intel\Intel(R) Management Engine Components\DAL;C:\Program Files (x86)\Intel\Intel(R) Management Engine Components\IPT;C:\Program Files\Intel\Intel(R) Management Engine Components\IPT;C:\Program Files (x86)\ATI Technologies\ATI.ACE\Core-Static;C:\Program Files\Intel\WiFi\bin\;C:\Program Files\Common Files\Intel\WirelessCommon\;D:\Program Files\Java\jdk1.8.0_111\bin;D:\Program Files\Java\jdk1.8.0_111\jre\bin;D:\Program Files\apache-maven-3.5.2\bin;C:\Program Files\MySQL\MySQL Utilities 1.6\;D:\Program Files\TortoiseSVN\bin;D:\Program Files\nodejs\;D:\Program Files\Git\cmd;D:\Programs\Python\Python36\Scripts\;D:\Programs\Python\Python36\;D:\Programs\Python\Python36-32\Scripts\;D:\Programs\Python\Python36-32\;D:\Program Files\nodejs\node_global;C:\Users\zt\AppData\Local\atom\bin;D:\Program Files\eclipse-mars;;.]
[ INFO ] [2018-03-19 15:43:33] org.apache.catalina.core.ContainerBase.[Tomcat].[localhost].[/rest] [180] - Initializing Spring embedded WebApplicationContext
[ INFO ] [2018-03-19 15:43:33] org.springframework.web.context.ContextLoader [285] - Root WebApplicationContext: initialization completed in 4144 ms
[ INFO ] [2018-03-19 15:43:33] org.springframework.boot.web.servlet.ServletRegistrationBean [185] - Servlet dispatcherServlet mapped to [/]
[ INFO ] [2018-03-19 15:43:33] org.springframework.boot.web.servlet.FilterRegistrationBean [243] - Mapping filter: 'characterEncodingFilter' to: [/*]
[ INFO ] [2018-03-19 15:43:33] org.springframework.boot.web.servlet.FilterRegistrationBean [243] - Mapping filter: 'hiddenHttpMethodFilter' to: [/*]
[ INFO ] [2018-03-19 15:43:33] org.springframework.boot.web.servlet.FilterRegistrationBean [243] - Mapping filter: 'httpPutFormContentFilter' to: [/*]
[ INFO ] [2018-03-19 15:43:33] org.springframework.boot.web.servlet.FilterRegistrationBean [243] - Mapping filter: 'requestContextFilter' to: [/*]
[ INFO ] [2018-03-19 15:43:33] org.springframework.web.servlet.mvc.method.annotation.RequestMappingHandlerAdapter [567] - Looking for @ControllerAdvice: org.springframework.boot.web.servlet.context.AnnotationConfigServletWebServerApplicationContext@1b4f68f3: startup date [Mon Mar 19 15:43:29 CST 2018]; root of context hierarchy
[ INFO ] [2018-03-19 15:43:33] org.springframework.web.servlet.mvc.method.annotation.RequestMappingHandlerMapping [548] - Mapped "{[/index]}" onto public java.lang.String com.controller.IndexController.index()
[ INFO ] [2018-03-19 15:43:34] org.springframework.web.servlet.mvc.method.annotation.RequestMappingHandlerMapping [548] - Mapped "{[/error]}" onto public org.springframework.http.ResponseEntity<java.util.Map<java.lang.String, java.lang.Object>> org.springframework.boot.autoconfigure.web.servlet.error.BasicErrorController.error(javax.servlet.http.HttpServletRequest)
[ INFO ] [2018-03-19 15:43:34] org.springframework.web.servlet.mvc.method.annotation.RequestMappingHandlerMapping [548] - Mapped "{[/error],produces=[text/html]}" onto public org.springframework.web.servlet.ModelAndView org.springframework.boot.autoconfigure.web.servlet.error.BasicErrorController.errorHtml(javax.servlet.http.HttpServletRequest,javax.servlet.http.HttpServletResponse)
[ INFO ] [2018-03-19 15:43:34] org.springframework.web.servlet.handler.SimpleUrlHandlerMapping [373] - Mapped URL path [/webjars/**] onto handler of type [class org.springframework.web.servlet.resource.ResourceHttpRequestHandler]
[ INFO ] [2018-03-19 15:43:34] org.springframework.web.servlet.handler.SimpleUrlHandlerMapping [373] - Mapped URL path [/**] onto handler of type [class org.springframework.web.servlet.resource.ResourceHttpRequestHandler]
[ INFO ] [2018-03-19 15:43:34] org.springframework.web.servlet.handler.SimpleUrlHandlerMapping [373] - Mapped URL path [/**/favicon.ico] onto handler of type [class org.springframework.web.servlet.resource.ResourceHttpRequestHandler]
[ INFO ] [2018-03-19 15:43:34] org.springframework.boot.devtools.autoconfigure.OptionalLiveReloadServer [57] - LiveReload server is running on port 35729
[ INFO ] [2018-03-19 15:43:34] org.springframework.jmx.export.annotation.AnnotationMBeanExporter [434] - Registering beans for JMX exposure on startup
[ INFO ] [2018-03-19 15:43:34] org.apache.coyote.http11.Http11NioProtocol [180] - Starting ProtocolHandler ["http-nio-192.168.112.112-9527"]
[ INFO ] [2018-03-19 15:43:34] org.apache.tomcat.util.net.NioSelectorPool [180] - Using a shared selector for servlet write/read
[ INFO ] [2018-03-19 15:43:34] org.springframework.boot.web.embedded.tomcat.TomcatWebServer [205] - Tomcat started on port(s): 9527 (http) with context path '/rest'
[ INFO ] [2018-03-19 15:43:34] com.Application [59] - Started Application in 6.228 seconds (JVM running for 6.793)
